<?xml version="1.0" encoding="UTF-8"?>
<!-- Generated by org.testng.reporters.JUnitXMLReporter -->
<testsuite ignored="0" hostname="Victor" failures="15" tests="15" name="Evershop Functional Tests" time="0.563" errors="0" timestamp="2025-07-29T21:50:01 PET">
  <testcase classname="tests.RegisterTests" name="TC_Register_01_successfulRegistration" time="0.121">
    <failure type="java.lang.NullPointerException" message="Cannot invoke &amp;quot;org.openqa.selenium.SearchContext.findElement(org.openqa.selenium.By)&amp;quot; because &amp;quot;this.searchContext&amp;quot; is null">
      <![CDATA[java.lang.NullPointerException: Cannot invoke "org.openqa.selenium.SearchContext.findElement(org.openqa.selenium.By)" because "this.searchContext" is null
at org.openqa.selenium.support.pagefactory.DefaultElementLocator.findElement(DefaultElementLocator.java:68)
at org.openqa.selenium.support.pagefactory.internal.LocatingElementHandler.invoke(LocatingElementHandler.java:38)
at jdk.proxy2/jdk.proxy2.$Proxy9.click(Unknown Source)
at pages.RegisterPage.goToRegisterPage(RegisterPage.java:35)
at tests.RegisterTests.TC_Register_01_successfulRegistration(RegisterTests.java:15)
at java.base/java.util.ArrayList.forEach(ArrayList.java:1596)
... Removed 25 stack frames]]>
    </failure>
  </testcase> <!-- TC_Register_01_successfulRegistration -->
  <testcase classname="tests.RegisterTests" name="TC_Register_02_missingRequiredFields" time="0.004">
    <failure type="java.lang.Error" message="Unresolved compilation problems: 
	The method register(String, String, String, String) in the type RegisterPage is not applicable for the arguments (String, String, String)
	The method getErrorMessage() is undefined for the type RegisterPage
">
      <![CDATA[java.lang.Error: Unresolved compilation problems: 
The method register(String, String, String, String) in the type RegisterPage is not applicable for the arguments (String, String, String)
The method getErrorMessage() is undefined for the type RegisterPage

at tests.RegisterTests.TC_Register_02_missingRequiredFields(RegisterTests.java:30)
at java.base/java.util.ArrayList.forEach(ArrayList.java:1596)
... Removed 25 stack frames]]>
    </failure>
  </testcase> <!-- TC_Register_02_missingRequiredFields -->
  <testcase classname="tests.RegisterTests" name="TC_Register_03_invalidEmailFormat" time="0.023">
    <failure type="java.lang.Error" message="Unresolved compilation problem: 
	The method register(String, String, String, String) in the type RegisterPage is not applicable for the arguments (String, String, String)
">
      <![CDATA[java.lang.Error: Unresolved compilation problem: 
The method register(String, String, String, String) in the type RegisterPage is not applicable for the arguments (String, String, String)

at tests.RegisterTests.TC_Register_03_invalidEmailFormat(RegisterTests.java:42)
at java.base/java.util.ArrayList.forEach(ArrayList.java:1596)
... Removed 25 stack frames]]>
    </failure>
  </testcase> <!-- TC_Register_03_invalidEmailFormat -->
  <testcase classname="tests.RegisterTests" name="TC_Register_04_weakPassword" time="0.005">
    <failure type="java.lang.Error" message="Unresolved compilation problem: 
	The method register(String, String, String, String) in the type RegisterPage is not applicable for the arguments (String, String, String)
">
      <![CDATA[java.lang.Error: Unresolved compilation problem: 
The method register(String, String, String, String) in the type RegisterPage is not applicable for the arguments (String, String, String)

at tests.RegisterTests.TC_Register_04_weakPassword(RegisterTests.java:54)
at java.base/java.util.ArrayList.forEach(ArrayList.java:1596)
... Removed 25 stack frames]]>
    </failure>
  </testcase> <!-- TC_Register_04_weakPassword -->
  <testcase classname="tests.RegisterTests" name="TC_Register_05_passwordConfirmationMismatch" time="0.006">
    <failure type="java.lang.Error" message="Unresolved compilation problem: 
	The method getPasswordMismatchError() is undefined for the type RegisterPage
">
      <![CDATA[java.lang.Error: Unresolved compilation problem: 
The method getPasswordMismatchError() is undefined for the type RegisterPage

at tests.RegisterTests.TC_Register_05_passwordConfirmationMismatch(RegisterTests.java:73)
at java.base/java.util.ArrayList.forEach(ArrayList.java:1596)
... Removed 25 stack frames]]>
    </failure>
  </testcase> <!-- TC_Register_05_passwordConfirmationMismatch -->
  <testcase classname="tests.RegisterTests" name="TC_Register_06_duplicateEmail" time="0.012">
    <failure type="java.lang.Error" message="Unresolved compilation problems: 
	The method register(String, String, String, String) in the type RegisterPage is not applicable for the arguments (String, String, String)
	The method register(String, String, String, String) in the type RegisterPage is not applicable for the arguments (String, String, String)
">
      <![CDATA[java.lang.Error: Unresolved compilation problems: 
The method register(String, String, String, String) in the type RegisterPage is not applicable for the arguments (String, String, String)
The method register(String, String, String, String) in the type RegisterPage is not applicable for the arguments (String, String, String)

at tests.RegisterTests.TC_Register_06_duplicateEmail(RegisterTests.java:85)
at java.base/java.util.ArrayList.forEach(ArrayList.java:1596)
... Removed 25 stack frames]]>
    </failure>
  </testcase> <!-- TC_Register_06_duplicateEmail -->
  <testcase classname="tests.LoginTests" name="TC_Login_01_successfulLogin" time="0.007">
    <failure type="java.lang.Error" message="Unresolved compilation problem: 
	The method register(String, String, String, String) in the type RegisterPage is not applicable for the arguments (String, String, String)
">
      <![CDATA[java.lang.Error: Unresolved compilation problem: 
The method register(String, String, String, String) in the type RegisterPage is not applicable for the arguments (String, String, String)

at tests.LoginTests.TC_Login_01_successfulLogin(LoginTests.java:18)
at java.base/java.util.ArrayList.forEach(ArrayList.java:1596)
... Removed 25 stack frames]]>
    </failure>
  </testcase> <!-- TC_Login_01_successfulLogin -->
  <testcase classname="tests.LoginTests" name="TC_Login_02_invalidCredentials" time="0.021">
    <failure type="java.lang.NullPointerException" message="Cannot invoke &amp;quot;org.openqa.selenium.SearchContext.findElement(org.openqa.selenium.By)&amp;quot; because &amp;quot;this.searchContext&amp;quot; is null">
      <![CDATA[java.lang.NullPointerException: Cannot invoke "org.openqa.selenium.SearchContext.findElement(org.openqa.selenium.By)" because "this.searchContext" is null
at org.openqa.selenium.support.pagefactory.DefaultElementLocator.findElement(DefaultElementLocator.java:68)
at org.openqa.selenium.support.pagefactory.internal.LocatingElementHandler.invoke(LocatingElementHandler.java:38)
at jdk.proxy2/jdk.proxy2.$Proxy9.click(Unknown Source)
at pages.LoginPage.goToLoginPage(LoginPage.java:29)
at tests.LoginTests.TC_Login_02_invalidCredentials(LoginTests.java:32)
at java.base/java.util.ArrayList.forEach(ArrayList.java:1596)
... Removed 25 stack frames]]>
    </failure>
  </testcase> <!-- TC_Login_02_invalidCredentials -->
  <testcase classname="tests.LoginTests" name="TC_Login_03_blankCredentials" time="0.006">
    <failure type="java.lang.NullPointerException" message="Cannot invoke &amp;quot;org.openqa.selenium.SearchContext.findElement(org.openqa.selenium.By)&amp;quot; because &amp;quot;this.searchContext&amp;quot; is null">
      <![CDATA[java.lang.NullPointerException: Cannot invoke "org.openqa.selenium.SearchContext.findElement(org.openqa.selenium.By)" because "this.searchContext" is null
at org.openqa.selenium.support.pagefactory.DefaultElementLocator.findElement(DefaultElementLocator.java:68)
at org.openqa.selenium.support.pagefactory.internal.LocatingElementHandler.invoke(LocatingElementHandler.java:38)
at jdk.proxy2/jdk.proxy2.$Proxy9.click(Unknown Source)
at pages.LoginPage.goToLoginPage(LoginPage.java:29)
at tests.LoginTests.TC_Login_03_blankCredentials(LoginTests.java:43)
at java.base/java.util.ArrayList.forEach(ArrayList.java:1596)
... Removed 25 stack frames]]>
    </failure>
  </testcase> <!-- TC_Login_03_blankCredentials -->
  <testcase classname="tests.LoginTests" name="TC_Login_04_unregisteredEmail" time="0.009">
    <failure type="java.lang.NullPointerException" message="Cannot invoke &amp;quot;org.openqa.selenium.SearchContext.findElement(org.openqa.selenium.By)&amp;quot; because &amp;quot;this.searchContext&amp;quot; is null">
      <![CDATA[java.lang.NullPointerException: Cannot invoke "org.openqa.selenium.SearchContext.findElement(org.openqa.selenium.By)" because "this.searchContext" is null
at org.openqa.selenium.support.pagefactory.DefaultElementLocator.findElement(DefaultElementLocator.java:68)
at org.openqa.selenium.support.pagefactory.internal.LocatingElementHandler.invoke(LocatingElementHandler.java:38)
at jdk.proxy2/jdk.proxy2.$Proxy9.click(Unknown Source)
at pages.LoginPage.goToLoginPage(LoginPage.java:29)
at tests.LoginTests.TC_Login_04_unregisteredEmail(LoginTests.java:54)
at java.base/java.util.ArrayList.forEach(ArrayList.java:1596)
... Removed 25 stack frames]]>
    </failure>
  </testcase> <!-- TC_Login_04_unregisteredEmail -->
  <testcase classname="tests.LoginTests" name="TC_Login_05_forgotPasswordFlow" time="0.004">
    <failure type="java.lang.NullPointerException" message="Cannot invoke &amp;quot;org.openqa.selenium.SearchContext.findElement(org.openqa.selenium.By)&amp;quot; because &amp;quot;this.searchContext&amp;quot; is null">
      <![CDATA[java.lang.NullPointerException: Cannot invoke "org.openqa.selenium.SearchContext.findElement(org.openqa.selenium.By)" because "this.searchContext" is null
at org.openqa.selenium.support.pagefactory.DefaultElementLocator.findElement(DefaultElementLocator.java:68)
at org.openqa.selenium.support.pagefactory.internal.LocatingElementHandler.invoke(LocatingElementHandler.java:38)
at jdk.proxy2/jdk.proxy2.$Proxy9.click(Unknown Source)
at pages.LoginPage.goToForgotPasswordPage(LoginPage.java:69)
at tests.LoginTests.TC_Login_05_forgotPasswordFlow(LoginTests.java:65)
at java.base/java.util.ArrayList.forEach(ArrayList.java:1596)
... Removed 25 stack frames]]>
    </failure>
  </testcase> <!-- TC_Login_05_forgotPasswordFlow -->
  <testcase classname="tests.OrderTests" name="TC_Order_01_addProductToCart" time="0.018">
    <failure type="java.lang.NullPointerException" message="Cannot invoke &amp;quot;org.openqa.selenium.SearchContext.findElement(org.openqa.selenium.By)&amp;quot; because &amp;quot;this.searchContext&amp;quot; is null">
      <![CDATA[java.lang.NullPointerException: Cannot invoke "org.openqa.selenium.SearchContext.findElement(org.openqa.selenium.By)" because "this.searchContext" is null
at org.openqa.selenium.support.pagefactory.DefaultElementLocator.findElement(DefaultElementLocator.java:68)
at org.openqa.selenium.support.pagefactory.internal.LocatingElementHandler.invoke(LocatingElementHandler.java:38)
at jdk.proxy2/jdk.proxy2.$Proxy9.click(Unknown Source)
at pages.LoginPage.goToLoginPage(LoginPage.java:29)
at tests.OrderTests.TC_Order_01_addProductToCart(OrderTests.java:16)
at java.base/java.util.ArrayList.forEach(ArrayList.java:1596)
... Removed 25 stack frames]]>
    </failure>
  </testcase> <!-- TC_Order_01_addProductToCart -->
  <testcase classname="tests.OrderTests" name="TC_Order_02_removeProductFromCart" time="0.019">
    <failure type="java.lang.NullPointerException" message="Cannot invoke &amp;quot;org.openqa.selenium.SearchContext.findElement(org.openqa.selenium.By)&amp;quot; because &amp;quot;this.searchContext&amp;quot; is null">
      <![CDATA[java.lang.NullPointerException: Cannot invoke "org.openqa.selenium.SearchContext.findElement(org.openqa.selenium.By)" because "this.searchContext" is null
at org.openqa.selenium.support.pagefactory.DefaultElementLocator.findElement(DefaultElementLocator.java:68)
at org.openqa.selenium.support.pagefactory.internal.LocatingElementHandler.invoke(LocatingElementHandler.java:38)
at jdk.proxy2/jdk.proxy2.$Proxy9.click(Unknown Source)
at pages.LoginPage.goToLoginPage(LoginPage.java:29)
at tests.OrderTests.TC_Order_02_removeProductFromCart(OrderTests.java:31)
at java.base/java.util.ArrayList.forEach(ArrayList.java:1596)
... Removed 25 stack frames]]>
    </failure>
  </testcase> <!-- TC_Order_02_removeProductFromCart -->
  <testcase classname="tests.OrderTests" name="TC_Order_03_modifyProductQuantity" time="0.004">
    <failure type="java.lang.NullPointerException" message="Cannot invoke &amp;quot;org.openqa.selenium.SearchContext.findElement(org.openqa.selenium.By)&amp;quot; because &amp;quot;this.searchContext&amp;quot; is null">
      <![CDATA[java.lang.NullPointerException: Cannot invoke "org.openqa.selenium.SearchContext.findElement(org.openqa.selenium.By)" because "this.searchContext" is null
at org.openqa.selenium.support.pagefactory.DefaultElementLocator.findElement(DefaultElementLocator.java:68)
at org.openqa.selenium.support.pagefactory.internal.LocatingElementHandler.invoke(LocatingElementHandler.java:38)
at jdk.proxy2/jdk.proxy2.$Proxy9.click(Unknown Source)
at pages.LoginPage.goToLoginPage(LoginPage.java:29)
at tests.OrderTests.TC_Order_03_modifyProductQuantity(OrderTests.java:50)
at java.base/java.util.ArrayList.forEach(ArrayList.java:1596)
... Removed 25 stack frames]]>
    </failure>
  </testcase> <!-- TC_Order_03_modifyProductQuantity -->
  <testcase classname="tests.OrderTests" name="TC_Order_04_successfulOrderCreation" time="0.007">
    <failure type="java.lang.NullPointerException" message="Cannot invoke &amp;quot;org.openqa.selenium.SearchContext.findElement(org.openqa.selenium.By)&amp;quot; because &amp;quot;this.searchContext&amp;quot; is null">
      <![CDATA[java.lang.NullPointerException: Cannot invoke "org.openqa.selenium.SearchContext.findElement(org.openqa.selenium.By)" because "this.searchContext" is null
at org.openqa.selenium.support.pagefactory.DefaultElementLocator.findElement(DefaultElementLocator.java:68)
at org.openqa.selenium.support.pagefactory.internal.LocatingElementHandler.invoke(LocatingElementHandler.java:38)
at jdk.proxy2/jdk.proxy2.$Proxy9.click(Unknown Source)
at pages.LoginPage.goToLoginPage(LoginPage.java:29)
at tests.OrderTests.TC_Order_04_successfulOrderCreation(OrderTests.java:69)
at java.base/java.util.ArrayList.forEach(ArrayList.java:1596)
... Removed 25 stack frames]]>
    </failure>
  </testcase> <!-- TC_Order_04_successfulOrderCreation -->
</testsuite> <!-- Evershop Functional Tests -->
