<?xml version="1.0" encoding="UTF-8"?>
<!-- Generated by org.testng.reporters.JUnitXMLReporter -->
<testsuite ignored="7" hostname="Victor" failures="8" tests="8" name="RegressionTests" time="0.668" errors="0" timestamp="2025-08-02T02:32:37 PET">
  <testcase classname="tests.LoginTests" name="testCorreoNoRegistrado" time="0.045">
    <failure type="java.lang.NullPointerException" message="Cannot invoke &amp;quot;org.openqa.selenium.WebDriver.get(String)&amp;quot; because the return value of &amp;quot;tests.LoginTests.getDriver()&amp;quot; is null">
      <![CDATA[java.lang.NullPointerException: Cannot invoke "org.openqa.selenium.WebDriver.get(String)" because the return value of "tests.LoginTests.getDriver()" is null
at tests.LoginTests.testCorreoNoRegistrado(LoginTests.java:40)
at java.base/java.util.ArrayList.forEach(ArrayList.java:1596)
at java.base/java.util.concurrent.FutureTask.run(FutureTask.java:317)
at java.base/java.util.concurrent.ThreadPoolExecutor.runWorker(ThreadPoolExecutor.java:1144)
at java.base/java.util.concurrent.ThreadPoolExecutor$Worker.run(ThreadPoolExecutor.java:642)
at java.base/java.lang.Thread.run(Thread.java:1583)
... Removed 15 stack frames]]>
    </failure>
  </testcase> <!-- testCorreoNoRegistrado -->
  <testcase classname="tests.LoginTests" name="testLoginCamposEnBlanco" time="0.041">
    <failure type="java.lang.NullPointerException" message="Cannot invoke &amp;quot;org.openqa.selenium.WebDriver.get(String)&amp;quot; because the return value of &amp;quot;tests.LoginTests.getDriver()&amp;quot; is null">
      <![CDATA[java.lang.NullPointerException: Cannot invoke "org.openqa.selenium.WebDriver.get(String)" because the return value of "tests.LoginTests.getDriver()" is null
at tests.LoginTests.testLoginCamposEnBlanco(LoginTests.java:32)
at java.base/java.util.ArrayList.forEach(ArrayList.java:1596)
at java.base/java.util.concurrent.FutureTask.run(FutureTask.java:317)
at java.base/java.util.concurrent.ThreadPoolExecutor.runWorker(ThreadPoolExecutor.java:1144)
at java.base/java.util.concurrent.ThreadPoolExecutor$Worker.run(ThreadPoolExecutor.java:642)
at java.base/java.lang.Thread.run(Thread.java:1583)
... Removed 15 stack frames]]>
    </failure>
  </testcase> <!-- testLoginCamposEnBlanco -->
  <testcase classname="tests.LoginTests" name="testLoginCredencialesIncorrectas" time="0.014">
    <failure type="java.lang.NullPointerException" message="Cannot invoke &amp;quot;org.openqa.selenium.WebDriver.get(String)&amp;quot; because the return value of &amp;quot;tests.LoginTests.getDriver()&amp;quot; is null">
      <![CDATA[java.lang.NullPointerException: Cannot invoke "org.openqa.selenium.WebDriver.get(String)" because the return value of "tests.LoginTests.getDriver()" is null
at tests.LoginTests.testLoginCredencialesIncorrectas(LoginTests.java:23)
at java.base/java.util.ArrayList.forEach(ArrayList.java:1596)
at java.base/java.util.concurrent.FutureTask.run(FutureTask.java:317)
at java.base/java.util.concurrent.ThreadPoolExecutor.runWorker(ThreadPoolExecutor.java:1144)
at java.base/java.util.concurrent.ThreadPoolExecutor$Worker.run(ThreadPoolExecutor.java:642)
at java.base/java.lang.Thread.run(Thread.java:1583)
... Removed 15 stack frames]]>
    </failure>
  </testcase> <!-- testLoginCredencialesIncorrectas -->
  <testcase classname="tests.LoginTests" name="testLoginExitoso" time="0.02">
    <failure type="java.lang.NullPointerException" message="Cannot invoke &amp;quot;org.openqa.selenium.WebDriver.get(String)&amp;quot; because the return value of &amp;quot;tests.LoginTests.getDriver()&amp;quot; is null">
      <![CDATA[java.lang.NullPointerException: Cannot invoke "org.openqa.selenium.WebDriver.get(String)" because the return value of "tests.LoginTests.getDriver()" is null
at tests.LoginTests.testLoginExitoso(LoginTests.java:15)
at java.base/java.util.ArrayList.forEach(ArrayList.java:1596)
at java.base/java.util.concurrent.FutureTask.run(FutureTask.java:317)
at java.base/java.util.concurrent.ThreadPoolExecutor.runWorker(ThreadPoolExecutor.java:1144)
at java.base/java.util.concurrent.ThreadPoolExecutor$Worker.run(ThreadPoolExecutor.java:642)
at java.base/java.lang.Thread.run(Thread.java:1583)
... Removed 15 stack frames]]>
    </failure>
  </testcase> <!-- testLoginExitoso -->
  <testcase classname="tests.ResgisterTests" name="testCamposObligatoriosFaltantes" time="0.026">
    <failure type="java.lang.NullPointerException" message="Cannot invoke &amp;quot;org.openqa.selenium.WebDriver.get(String)&amp;quot; because the return value of &amp;quot;tests.ResgisterTests.getDriver()&amp;quot; is null">
      <![CDATA[java.lang.NullPointerException: Cannot invoke "org.openqa.selenium.WebDriver.get(String)" because the return value of "tests.ResgisterTests.getDriver()" is null
at tests.ResgisterTests.testCamposObligatoriosFaltantes(ResgisterTests.java:27)
at java.base/java.util.ArrayList.forEach(ArrayList.java:1596)
at java.base/java.util.concurrent.FutureTask.run(FutureTask.java:317)
at java.base/java.util.concurrent.ThreadPoolExecutor.runWorker(ThreadPoolExecutor.java:1144)
at java.base/java.util.concurrent.ThreadPoolExecutor$Worker.run(ThreadPoolExecutor.java:642)
at java.base/java.lang.Thread.run(Thread.java:1583)
... Removed 15 stack frames]]>
    </failure>
  </testcase> <!-- testCamposObligatoriosFaltantes -->
  <testcase classname="tests.ResgisterTests" name="testConfirmacionContrasenaIncorrecta" time="0.01">
    <failure type="java.lang.NullPointerException" message="Cannot invoke &amp;quot;org.openqa.selenium.WebDriver.get(String)&amp;quot; because the return value of &amp;quot;tests.ResgisterTests.getDriver()&amp;quot; is null">
      <![CDATA[java.lang.NullPointerException: Cannot invoke "org.openqa.selenium.WebDriver.get(String)" because the return value of "tests.ResgisterTests.getDriver()" is null
at tests.ResgisterTests.testConfirmacionContrasenaIncorrecta(ResgisterTests.java:58)
at java.base/java.util.ArrayList.forEach(ArrayList.java:1596)
at java.base/java.util.concurrent.FutureTask.run(FutureTask.java:317)
at java.base/java.util.concurrent.ThreadPoolExecutor.runWorker(ThreadPoolExecutor.java:1144)
at java.base/java.util.concurrent.ThreadPoolExecutor$Worker.run(ThreadPoolExecutor.java:642)
at java.base/java.lang.Thread.run(Thread.java:1583)
... Removed 15 stack frames]]>
    </failure>
  </testcase> <!-- testConfirmacionContrasenaIncorrecta -->
  <testcase classname="tests.ResgisterTests" name="testFormatoCorreoInvalido" time="0.046">
    <failure type="java.lang.NullPointerException" message="Cannot invoke &amp;quot;org.openqa.selenium.WebDriver.get(String)&amp;quot; because the return value of &amp;quot;tests.ResgisterTests.getDriver()&amp;quot; is null">
      <![CDATA[java.lang.NullPointerException: Cannot invoke "org.openqa.selenium.WebDriver.get(String)" because the return value of "tests.ResgisterTests.getDriver()" is null
at tests.ResgisterTests.testFormatoCorreoInvalido(ResgisterTests.java:36)
at java.base/java.util.ArrayList.forEach(ArrayList.java:1596)
at java.base/java.util.concurrent.FutureTask.run(FutureTask.java:317)
at java.base/java.util.concurrent.ThreadPoolExecutor.runWorker(ThreadPoolExecutor.java:1144)
at java.base/java.util.concurrent.ThreadPoolExecutor$Worker.run(ThreadPoolExecutor.java:642)
at java.base/java.lang.Thread.run(Thread.java:1583)
... Removed 15 stack frames]]>
    </failure>
  </testcase> <!-- testFormatoCorreoInvalido -->
  <testcase classname="tests.OrderTests" name="testModificarCantidadProductoEnCarrito" time="0.003">
    <failure type="java.lang.NullPointerException" message="Cannot invoke &amp;quot;org.openqa.selenium.WebDriver.get(String)&amp;quot; because the return value of &amp;quot;tests.OrderTests.getDriver()&amp;quot; is null">
      <![CDATA[java.lang.NullPointerException: Cannot invoke "org.openqa.selenium.WebDriver.get(String)" because the return value of "tests.OrderTests.getDriver()" is null
at tests.OrderTests.testModificarCantidadProductoEnCarrito(OrderTests.java:43)
at java.base/java.util.ArrayList.forEach(ArrayList.java:1596)
at java.base/java.util.concurrent.FutureTask.run(FutureTask.java:317)
at java.base/java.util.concurrent.ThreadPoolExecutor.runWorker(ThreadPoolExecutor.java:1144)
at java.base/java.util.concurrent.ThreadPoolExecutor$Worker.run(ThreadPoolExecutor.java:642)
at java.base/java.lang.Thread.run(Thread.java:1583)
... Removed 15 stack frames]]>
    </failure>
  </testcase> <!-- testModificarCantidadProductoEnCarrito -->
  <testcase classname="tests.OrderTests" name="testAgregarProductoAlCarrito" time="0.0">
    <ignored/>
  </testcase> <!-- testAgregarProductoAlCarrito -->
  <testcase classname="tests.ResgisterTests" name="testCorreoElectronicoDuplicado" time="0.0">
    <ignored/>
  </testcase> <!-- testCorreoElectronicoDuplicado -->
  <testcase classname="tests.ResgisterTests" name="testContrasenaDebil" time="0.0">
    <ignored/>
  </testcase> <!-- testContrasenaDebil -->
  <testcase classname="tests.OrderTests" name="testEliminarProductoDelCarrito" time="0.0">
    <ignored/>
  </testcase> <!-- testEliminarProductoDelCarrito -->
  <testcase classname="tests.OrderTests" name="testCreacionOrdenExitosa" time="0.0">
    <ignored/>
  </testcase> <!-- testCreacionOrdenExitosa -->
  <testcase classname="tests.ResgisterTests" name="testRegistroExistoso" time="0.0">
    <ignored/>
  </testcase> <!-- testRegistroExistoso -->
  <testcase classname="tests.LoginTests" name="testRecuperacionContrasena" time="0.0">
    <ignored/>
  </testcase> <!-- testRecuperacionContrasena -->
</testsuite> <!-- RegressionTests -->
