<html>
<head>
<title>TestNG:  AllTests</title>
<link href="../testng.css" rel="stylesheet" type="text/css" />
<link href="../my-testng.css" rel="stylesheet" type="text/css" />

<style type="text/css">
.log { display: none;} 
.stack-trace { display: none;} 
</style>
<script type="text/javascript">
<!--
function flip(e) {
  current = e.style.display;
  if (current == 'block') {
    e.style.display = 'none';
    return 0;
  }
  else {
    e.style.display = 'block';
    return 1;
  }
}

function toggleBox(szDivId, elem, msg1, msg2)
{
  var res = -1;  if (document.getElementById) {
    res = flip(document.getElementById(szDivId));
  }
  else if (document.all) {
    // this is the way old msie versions work
    res = flip(document.all[szDivId]);
  }
  if(elem) {
    if(res == 0) elem.innerHTML = msg1; else elem.innerHTML = msg2;
  }

}

function toggleAllBoxes() {
  if (document.getElementsByTagName) {
    d = document.getElementsByTagName('div');
    for (i = 0; i < d.length; i++) {
      if (d[i].className == 'log') {
        flip(d[i]);
      }
    }
  }
}

// -->
</script>

</head>
<body>
<h2 align='center'>AllTests</h2><table border='1' align="center">
<tr>
<td>Tests passed/Failed/Skipped:</td><td>14/1/0</td>
</tr><tr>
<td>Started on:</td><td>Sat Aug 02 02:53:25 PET 2025</td>
</tr>
<tr><td>Total time:</td><td>344 seconds (344669 ms)</td>
</tr><tr>
<td>Included groups:</td><td></td>
</tr><tr>
<td>Excluded groups:</td><td></td>
</tr>
</table><p/>
<small><i>(Hover the method name to see the test class name)</i></small><p/>
<table width='100%' border='1' class='invocation-failed'>
<tr><td colspan='4' align='center'><b>FAILED TESTS</b></td></tr>
<tr><td><b>Test method</b></td>
<td><b>Attribute(s)</b></td>
<td width="30%"><b>Exception</b></td>
<td width="10%"><b>Time (seconds)</b></td>
<td><b>Instance</b></td>
</tr>
<tr>
<td title='tests.LoginTests.testLoginCamposEnBlanco()'><b>testLoginCamposEnBlanco</b><br>Test class: tests.LoginTests</td>
<td><div><pre>java.lang.AssertionError: No se mostró mensaje de error por campos vacíos expected [true] but found [false]
	at tests.LoginTests.testLoginCamposEnBlanco(LoginTests.java:34)
	at java.base/java.util.concurrent.Executors$RunnableAdapter.call(Executors.java:572)
	at java.base/java.util.concurrent.FutureTask.run(FutureTask.java:317)
	at java.base/java.util.concurrent.ThreadPoolExecutor.runWorker(ThreadPoolExecutor.java:1144)
	at java.base/java.util.concurrent.ThreadPoolExecutor$Worker.run(ThreadPoolExecutor.java:642)
	at java.base/java.lang.Thread.run(Thread.java:1583)
... Removed 14 stack frames</pre></div><a href='#' onClick='toggleBox("stack-trace1538680420", this, "Click to show all stack frames", "Click to hide stack frames")'>Click to show all stack frames</a>
<div class='stack-trace' id='stack-trace1538680420'><pre>java.lang.AssertionError: No se mostró mensaje de error por campos vacíos expected [true] but found [false]
	at org.testng.Assert.fail(Assert.java:111)
	at org.testng.Assert.failNotEquals(Assert.java:1590)
	at org.testng.Assert.assertTrue(Assert.java:57)
	at tests.LoginTests.testLoginCamposEnBlanco(LoginTests.java:34)
	at java.base/jdk.internal.reflect.DirectMethodHandleAccessor.invoke(DirectMethodHandleAccessor.java:103)
	at java.base/java.lang.reflect.Method.invoke(Method.java:580)
	at org.testng.internal.invokers.MethodInvocationHelper.invokeMethod(MethodInvocationHelper.java:141)
	at org.testng.internal.invokers.TestInvoker.invokeMethod(TestInvoker.java:687)
	at org.testng.internal.invokers.TestInvoker.invokeTestMethod(TestInvoker.java:230)
	at org.testng.internal.invokers.MethodRunner.runInSequence(MethodRunner.java:63)
	at org.testng.internal.invokers.TestInvoker$MethodInvocationAgent.invoke(TestInvoker.java:995)
	at org.testng.internal.invokers.TestInvoker.invokeTestMethods(TestInvoker.java:203)
	at org.testng.internal.invokers.TestMethodWorker.invokeTestMethods(TestMethodWorker.java:154)
	at org.testng.internal.invokers.TestMethodWorker.run(TestMethodWorker.java:134)
	at java.base/java.util.concurrent.Executors$RunnableAdapter.call(Executors.java:572)
	at java.base/java.util.concurrent.FutureTask.run(FutureTask.java:317)
	at org.testng.internal.thread.graph.TestNGFutureTask.run(TestNGFutureTask.java:22)
	at java.base/java.util.concurrent.ThreadPoolExecutor.runWorker(ThreadPoolExecutor.java:1144)
	at java.base/java.util.concurrent.ThreadPoolExecutor$Worker.run(ThreadPoolExecutor.java:642)
	at java.base/java.lang.Thread.run(Thread.java:1583)
</pre></div></td>
<td>17</td>
<td>tests.LoginTests@22f31dec</td></tr>
</table><p>
<table width='100%' border='1' class='invocation-passed'>
<tr><td colspan='4' align='center'><b>PASSED TESTS</b></td></tr>
<tr><td><b>Test method</b></td>
<td><b>Attribute(s)</b></td>
<td width="30%"><b>Exception</b></td>
<td width="10%"><b>Time (seconds)</b></td>
<td><b>Instance</b></td>
</tr>
<tr>
<td title='tests.ResgisterTests.testContrasenaDebil()'><b>testContrasenaDebil</b><br>Test class: tests.ResgisterTests</td>
<td></td>
<td>5</td>
<td>tests.ResgisterTests@6dab9b6d</td></tr>
<tr>
<td title='tests.LoginTests.testRecuperacionContrasena()'><b>testRecuperacionContrasena</b><br>Test class: tests.LoginTests</td>
<td></td>
<td>31</td>
<td>tests.LoginTests@22f31dec</td></tr>
<tr>
<td title='tests.ResgisterTests.testFormatoCorreoInvalido()'><b>testFormatoCorreoInvalido</b><br>Test class: tests.ResgisterTests</td>
<td></td>
<td>6</td>
<td>tests.ResgisterTests@6dab9b6d</td></tr>
<tr>
<td title='tests.ResgisterTests.testCorreoElectronicoDuplicado()'><b>testCorreoElectronicoDuplicado</b><br>Test class: tests.ResgisterTests</td>
<td></td>
<td>43</td>
<td>tests.ResgisterTests@6dab9b6d</td></tr>
<tr>
<td title='tests.LoginTests.testLoginExitoso()'><b>testLoginExitoso</b><br>Test class: tests.LoginTests</td>
<td></td>
<td>5</td>
<td>tests.LoginTests@22f31dec</td></tr>
<tr>
<td title='tests.ResgisterTests.testRegistroExistoso()'><b>testRegistroExistoso</b><br>Test class: tests.ResgisterTests</td>
<td></td>
<td>9</td>
<td>tests.ResgisterTests@6dab9b6d</td></tr>
<tr>
<td title='tests.OrderTests.testAgregarProductoAlCarrito()'><b>testAgregarProductoAlCarrito</b><br>Test class: tests.OrderTests</td>
<td></td>
<td>68</td>
<td>tests.OrderTests@21fd5faa</td></tr>
<tr>
<td title='tests.OrderTests.testModificarCantidadProductoEnCarrito()'><b>testModificarCantidadProductoEnCarrito</b><br>Test class: tests.OrderTests</td>
<td></td>
<td>17</td>
<td>tests.OrderTests@21fd5faa</td></tr>
<tr>
<td title='tests.ResgisterTests.testCamposObligatoriosFaltantes()'><b>testCamposObligatoriosFaltantes</b><br>Test class: tests.ResgisterTests</td>
<td></td>
<td>5</td>
<td>tests.ResgisterTests@6dab9b6d</td></tr>
<tr>
<td title='tests.OrderTests.testCreacionOrdenExitosa()'><b>testCreacionOrdenExitosa</b><br>Test class: tests.OrderTests</td>
<td></td>
<td>55</td>
<td>tests.OrderTests@21fd5faa</td></tr>
<tr>
<td title='tests.LoginTests.testCorreoNoRegistrado()'><b>testCorreoNoRegistrado</b><br>Test class: tests.LoginTests</td>
<td></td>
<td>24</td>
<td>tests.LoginTests@22f31dec</td></tr>
<tr>
<td title='tests.OrderTests.testEliminarProductoDelCarrito()'><b>testEliminarProductoDelCarrito</b><br>Test class: tests.OrderTests</td>
<td></td>
<td>30</td>
<td>tests.OrderTests@21fd5faa</td></tr>
<tr>
<td title='tests.ResgisterTests.testConfirmacionContrasenaIncorrecta()'><b>testConfirmacionContrasenaIncorrecta</b><br>Test class: tests.ResgisterTests</td>
<td></td>
<td>7</td>
<td>tests.ResgisterTests@6dab9b6d</td></tr>
<tr>
<td title='tests.LoginTests.testLoginCredencialesIncorrectas()'><b>testLoginCredencialesIncorrectas</b><br>Test class: tests.LoginTests</td>
<td></td>
<td>10</td>
<td>tests.LoginTests@22f31dec</td></tr>
</table><p>
</body>
</html>