<?xml version="1.0" encoding="UTF-8"?>
<!-- Generated by org.testng.reporters.JUnitXMLReporter -->
<testsuite ignored="0" hostname="Victor" failures="1" tests="15" name="AllTests" time="344.669" errors="0" timestamp="2025-08-02T02:59:10 PET">
  <testcase classname="tests.LoginTests" name="testLoginCredencialesIncorrectas" time="10.988"/>
  <testcase classname="tests.LoginTests" name="testLoginCamposEnBlanco" time="17.016">
    <failure type="java.lang.AssertionError" message="No se mostró mensaje de error por campos vacíos expected [true] but found [false]">
      <![CDATA[java.lang.AssertionError: No se mostró mensaje de error por campos vacíos expected [true] but found [false]
at tests.LoginTests.testLoginCamposEnBlanco(LoginTests.java:34)
at java.base/java.util.concurrent.Executors$RunnableAdapter.call(Executors.java:572)
at java.base/java.util.concurrent.FutureTask.run(FutureTask.java:317)
at java.base/java.util.concurrent.ThreadPoolExecutor.runWorker(ThreadPoolExecutor.java:1144)
at java.base/java.util.concurrent.ThreadPoolExecutor$Worker.run(ThreadPoolExecutor.java:642)
at java.base/java.lang.Thread.run(Thread.java:1583)
... Removed 14 stack frames]]>
    </failure>
  </testcase> <!-- testLoginCamposEnBlanco -->
  <testcase classname="tests.LoginTests" name="testCorreoNoRegistrado" time="24.211"/>
  <testcase classname="tests.LoginTests" name="testLoginExitoso" time="5.912"/>
  <testcase classname="tests.ResgisterTests" name="testCamposObligatoriosFaltantes" time="5.428"/>
  <testcase classname="tests.LoginTests" name="testRecuperacionContrasena" time="31.938"/>
  <testcase classname="tests.ResgisterTests" name="testConfirmacionContrasenaIncorrecta" time="7.759"/>
  <testcase classname="tests.ResgisterTests" name="testContrasenaDebil" time="5.261"/>
  <testcase classname="tests.ResgisterTests" name="testFormatoCorreoInvalido" time="6.485"/>
  <testcase classname="tests.ResgisterTests" name="testRegistroExistoso" time="9.58"/>
  <testcase classname="tests.ResgisterTests" name="testCorreoElectronicoDuplicado" time="43.356"/>
  <testcase classname="tests.OrderTests" name="testEliminarProductoDelCarrito" time="30.644"/>
  <testcase classname="tests.OrderTests" name="testCreacionOrdenExitosa" time="55.008"/>
  <testcase classname="tests.OrderTests" name="testAgregarProductoAlCarrito" time="68.433"/>
  <testcase classname="tests.OrderTests" name="testModificarCantidadProductoEnCarrito" time="17.937"/>
</testsuite> <!-- AllTests -->
